[debug] [2026-03-24T08:06:48.303Z] ----------------------------------------------------------------------
[debug] [2026-03-24T08:06:48.308Z] Command:       C:\Program Files\nodejs\node.exe C:\Users\sanja\AppData\Roaming\npm\node_modules\firebase-tools\lib\bin\firebase.js deploy
[debug] [2026-03-24T08:06:48.308Z] CLI Version:   14.8.0
[debug] [2026-03-24T08:06:48.309Z] Platform:      win32
[debug] [2026-03-24T08:06:48.309Z] Node Version:  v20.10.0
[debug] [2026-03-24T08:06:48.309Z] Time:          Tue Mar 24 2026 13:36:48 GMT+0530 (India Standard Time)
[debug] [2026-03-24T08:06:48.309Z] ----------------------------------------------------------------------
[debug] 
[debug] [2026-03-24T08:06:48.720Z] > command requires scopes: ["email","openid","https://www.googleapis.com/auth/cloudplatformprojects.readonly","https://www.googleapis.com/auth/firebase","https://www.googleapis.com/auth/cloud-platform"]
[debug] [2026-03-24T08:06:48.721Z] > authorizing via signed-in user (sanjaynalamasa07@gmail.com)
[debug] [2026-03-24T08:06:48.721Z] [iam] checking project ai-expense-tracker-92b0c for permissions ["firebase.projects.get","firebasehosting.sites.update"]
[debug] [2026-03-24T08:06:48.724Z] Checked if tokens are valid: true, expires at: 1774343130440
[debug] [2026-03-24T08:06:48.724Z] Checked if tokens are valid: true, expires at: 1774343130440
[debug] [2026-03-24T08:06:48.727Z] >>> [apiv2][query] POST https://cloudresourcemanager.googleapis.com/v1/projects/ai-expense-tracker-92b0c:testIamPermissions [none]
[debug] [2026-03-24T08:06:48.727Z] >>> [apiv2][(partial)header] POST https://cloudresourcemanager.googleapis.com/v1/projects/ai-expense-tracker-92b0c:testIamPermissions x-goog-quota-user=projects/ai-expense-tracker-92b0c
[debug] [2026-03-24T08:06:48.727Z] >>> [apiv2][body] POST https://cloudresourcemanager.googleapis.com/v1/projects/ai-expense-tracker-92b0c:testIamPermissions {"permissions":["firebase.projects.get","firebasehosting.sites.update"]}
[debug] [2026-03-24T08:06:50.780Z] <<< [apiv2][status] POST https://cloudresourcemanager.googleapis.com/v1/projects/ai-expense-tracker-92b0c:testIamPermissions 200
[debug] [2026-03-24T08:06:50.780Z] <<< [apiv2][body] POST https://cloudresourcemanager.googleapis.com/v1/projects/ai-expense-tracker-92b0c:testIamPermissions {"permissions":["firebase.projects.get","firebasehosting.sites.update"]}
[debug] [2026-03-24T08:06:50.781Z] Checked if tokens are valid: true, expires at: 1774343130440
[debug] [2026-03-24T08:06:50.782Z] Checked if tokens are valid: true, expires at: 1774343130440
[debug] [2026-03-24T08:06:50.782Z] >>> [apiv2][query] GET https://firebase.googleapis.com/v1beta1/projects/ai-expense-tracker-92b0c [none]
[debug] [2026-03-24T08:06:51.690Z] <<< [apiv2][status] GET https://firebase.googleapis.com/v1beta1/projects/ai-expense-tracker-92b0c 200
[debug] [2026-03-24T08:06:51.691Z] <<< [apiv2][body] GET https://firebase.googleapis.com/v1beta1/projects/ai-expense-tracker-92b0c {"projectId":"ai-expense-tracker-92b0c","projectNumber":"759599233119","displayName":"ai-expense-tracker","name":"projects/ai-expense-tracker-92b0c","resources":{"hostingSite":"ai-expense-tracker-92b0c"},"state":"ACTIVE","etag":"1_1fb697f9-8d20-4a79-9f6e-94275d274ded"}
[debug] [2026-03-24T08:06:58.966Z] Checked if tokens are valid: true, expires at: 1774343130440
[debug] [2026-03-24T08:06:58.966Z] Checked if tokens are valid: true, expires at: 1774343130440
[debug] [2026-03-24T08:06:58.969Z] >>> [apiv2][query] GET https://firebasehosting.googleapis.com/v1beta1/projects/ai-expense-tracker-92b0c/sites pageToken=&pageSize=10
[debug] [2026-03-24T08:07:01.114Z] <<< [apiv2][status] GET https://firebasehosting.googleapis.com/v1beta1/projects/ai-expense-tracker-92b0c/sites 200
[debug] [2026-03-24T08:07:01.114Z] <<< [apiv2][body] GET https://firebasehosting.googleapis.com/v1beta1/projects/ai-expense-tracker-92b0c/sites {"sites":[{"name":"projects/ai-expense-tracker-92b0c/sites/ai-expense-tracker-92b0c","defaultUrl":"https://ai-expense-tracker-92b0c.web.app","appId":"1:759599233119:web:79b68ccc4d0288692603ea","type":"DEFAULT_SITE"}]}
[debug] [2026-03-24T08:07:01.116Z] Checked if tokens are valid: true, expires at: 1774343130440
[debug] [2026-03-24T08:07:01.116Z] Checked if tokens are valid: true, expires at: 1774343130440
[debug] [2026-03-24T08:07:01.117Z] >>> [apiv2][query] GET https://firebase.googleapis.com/v1beta1/projects/-/webApps/1:759599233119:web:79b68ccc4d0288692603ea/config [none]
[debug] [2026-03-24T08:07:03.113Z] <<< [apiv2][status] GET https://firebase.googleapis.com/v1beta1/projects/-/webApps/1:759599233119:web:79b68ccc4d0288692603ea/config 200
[debug] [2026-03-24T08:07:03.113Z] <<< [apiv2][body] GET https://firebase.googleapis.com/v1beta1/projects/-/webApps/1:759599233119:web:79b68ccc4d0288692603ea/config {"projectId":"ai-expense-tracker-92b0c","appId":"1:759599233119:web:79b68ccc4d0288692603ea","storageBucket":"ai-expense-tracker-92b0c.firebasestorage.app","apiKey":"AIzaSyDMS2243dpeErX2r5okMuWuXeSiuqtuAlE","authDomain":"ai-expense-tracker-92b0c.firebaseapp.com","messagingSenderId":"759599233119","measurementId":"G-BBZD31V4S9","projectNumber":"759599233119","version":"2"}
[info] 
   Thank you for trying our early preview of Next.js support on Firebase Hosting.
   During the preview, support is best-effort and breaking changes can be expected. Proceed with caution.
   The integration is known to work with Next.js version 12 - 15.0. You may encounter errors.

   Documentation: https://firebase.google.com/docs/hosting/frameworks/nextjs
   File a bug: https://github.com/firebase/firebase-tools/issues/new?template=bug_report.md
   Submit a feature request: https://github.com/firebase/firebase-tools/issues/new?template=feature_request.md

   We'd love to learn from you. Express your interest in helping us shape the future of Firebase Hosting: https://goo.gle/41enW5X

[debug] [2026-03-24T08:07:20.194Z] Checked if tokens are valid: true, expires at: 1774343130440
[debug] [2026-03-24T08:07:20.194Z] Checked if tokens are valid: true, expires at: 1774343130440
[debug] [2026-03-24T08:07:20.195Z] >>> [apiv2][query] GET https://firebasehosting.googleapis.com/v1beta1/projects/ai-expense-tracker-92b0c/sites/ai-expense-tracker-92b0c [none]
[debug] [2026-03-24T08:07:22.218Z] <<< [apiv2][status] GET https://firebasehosting.googleapis.com/v1beta1/projects/ai-expense-tracker-92b0c/sites/ai-expense-tracker-92b0c 200
[debug] [2026-03-24T08:07:22.218Z] <<< [apiv2][body] GET https://firebasehosting.googleapis.com/v1beta1/projects/ai-expense-tracker-92b0c/sites/ai-expense-tracker-92b0c {"name":"projects/ai-expense-tracker-92b0c/sites/ai-expense-tracker-92b0c","defaultUrl":"https://ai-expense-tracker-92b0c.web.app","appId":"1:759599233119:web:79b68ccc4d0288692603ea","type":"DEFAULT_SITE"}
[info] ▲ Next.js 16.1.6 (Turbopack)

[info] - Environments: .env.local, .env.production


[info]   Creating an optimized production build ...

[info] ✓ Compiled successfully in 17.9s

[info]   Running TypeScript ...

[info]   Collecting page data using 3 workers ...

[info]   Generating static pages using 3 workers (0/10) ...

[info]   Generating static pages using 3 workers (2/10) 

[info]   Generating static pages using 3 workers (4/10) 

[info]   Generating static pages using 3 workers (7/10) 

[info] ✓ Generating static pages using 3 workers (10/10) in 1211.3ms

[info]   Finalizing page optimization ...

[info] 

[info] Route (app)
┌ ○ /
├ ○ /_not-found
├ ○ /add
├ ƒ /api/generate-insights
├ ƒ /api/parse-expense
├ ƒ /api/parse-receipt
├ ○ /profile
└ ○ /transactions


[info] 
○  (Static)   prerendered as static content
ƒ  (Dynamic)  server-rendered on demand


[info] Building a Cloud Function to run this application. This is needed due to:
[info]  • non-static component /api/generate-insights/route
[info]  • non-static component /api/parse-expense/route
[info]  • non-static component /api/parse-receipt/route
[info] 
[debug] [2026-03-24T08:08:00.676Z] Checked if tokens are valid: true, expires at: 1774343130440
[debug] [2026-03-24T08:08:00.677Z] Checked if tokens are valid: true, expires at: 1774343130440
[debug] [2026-03-24T08:08:00.678Z] >>> [apiv2][query] GET https://firebasehosting.googleapis.com/v1beta1/projects/ai-expense-tracker-92b0c/sites/ai-expense-tracker-92b0c [none]
[debug] [2026-03-24T08:08:01.721Z] <<< [apiv2][status] GET https://firebasehosting.googleapis.com/v1beta1/projects/ai-expense-tracker-92b0c/sites/ai-expense-tracker-92b0c 200
[debug] [2026-03-24T08:08:01.722Z] <<< [apiv2][body] GET https://firebasehosting.googleapis.com/v1beta1/projects/ai-expense-tracker-92b0c/sites/ai-expense-tracker-92b0c {"name":"projects/ai-expense-tracker-92b0c/sites/ai-expense-tracker-92b0c","defaultUrl":"https://ai-expense-tracker-92b0c.web.app","appId":"1:759599233119:web:79b68ccc4d0288692603ea","type":"DEFAULT_SITE"}
[debug] [2026-03-24T08:08:03.638Z] Error: EPERM: operation not permitted, symlink 'D:\Experiments\expense-tracker\node_modules\firebase-admin' -> 'D:\Experiments\expense-tracker\.firebase\ai-expense-tracker-92b0c\functions\.next\dev\node_modules\firebase-admin-a14c8a5423a75469'
[debug] [2026-03-24T08:11:13.077Z] ----------------------------------------------------------------------
[debug] [2026-03-24T08:11:13.082Z] Command:       C:\Program Files\nodejs\node.exe C:\Users\sanja\AppData\Roaming\npm\node_modules\firebase-tools\lib\bin\firebase.js deploy
[debug] [2026-03-24T08:11:13.083Z] CLI Version:   14.8.0
[debug] [2026-03-24T08:11:13.083Z] Platform:      win32
[debug] [2026-03-24T08:11:13.083Z] Node Version:  v20.10.0
[debug] [2026-03-24T08:11:13.083Z] Time:          Tue Mar 24 2026 13:41:13 GMT+0530 (India Standard Time)
[debug] [2026-03-24T08:11:13.084Z] ----------------------------------------------------------------------
[debug] 
[debug] [2026-03-24T08:11:13.638Z] > command requires scopes: ["email","openid","https://www.googleapis.com/auth/cloudplatformprojects.readonly","https://www.googleapis.com/auth/firebase","https://www.googleapis.com/auth/cloud-platform"]
[debug] [2026-03-24T08:11:13.639Z] > authorizing via signed-in user (sanjaynalamasa07@gmail.com)
[debug] [2026-03-24T08:11:13.639Z] [iam] checking project ai-expense-tracker-92b0c for permissions ["firebase.projects.get","firebasehosting.sites.update"]
[debug] [2026-03-24T08:11:13.641Z] Checked if tokens are valid: true, expires at: 1774343130440
[debug] [2026-03-24T08:11:13.642Z] Checked if tokens are valid: true, expires at: 1774343130440
[debug] [2026-03-24T08:11:13.643Z] >>> [apiv2][query] POST https://cloudresourcemanager.googleapis.com/v1/projects/ai-expense-tracker-92b0c:testIamPermissions [none]
[debug] [2026-03-24T08:11:13.643Z] >>> [apiv2][(partial)header] POST https://cloudresourcemanager.googleapis.com/v1/projects/ai-expense-tracker-92b0c:testIamPermissions x-goog-quota-user=projects/ai-expense-tracker-92b0c
[debug] [2026-03-24T08:11:13.643Z] >>> [apiv2][body] POST https://cloudresourcemanager.googleapis.com/v1/projects/ai-expense-tracker-92b0c:testIamPermissions {"permissions":["firebase.projects.get","firebasehosting.sites.update"]}
[debug] [2026-03-24T08:11:15.936Z] <<< [apiv2][status] POST https://cloudresourcemanager.googleapis.com/v1/projects/ai-expense-tracker-92b0c:testIamPermissions 200
[debug] [2026-03-24T08:11:15.936Z] <<< [apiv2][body] POST https://cloudresourcemanager.googleapis.com/v1/projects/ai-expense-tracker-92b0c:testIamPermissions {"permissions":["firebase.projects.get","firebasehosting.sites.update"]}
[debug] [2026-03-24T08:11:15.937Z] Checked if tokens are valid: true, expires at: 1774343130440
[debug] [2026-03-24T08:11:15.937Z] Checked if tokens are valid: true, expires at: 1774343130440
[debug] [2026-03-24T08:11:15.938Z] >>> [apiv2][query] GET https://firebase.googleapis.com/v1beta1/projects/ai-expense-tracker-92b0c [none]
[debug] [2026-03-24T08:11:16.575Z] <<< [apiv2][status] GET https://firebase.googleapis.com/v1beta1/projects/ai-expense-tracker-92b0c 200
[debug] [2026-03-24T08:11:16.576Z] <<< [apiv2][body] GET https://firebase.googleapis.com/v1beta1/projects/ai-expense-tracker-92b0c {"projectId":"ai-expense-tracker-92b0c","projectNumber":"759599233119","displayName":"ai-expense-tracker","name":"projects/ai-expense-tracker-92b0c","resources":{"hostingSite":"ai-expense-tracker-92b0c"},"state":"ACTIVE","etag":"1_1fb697f9-8d20-4a79-9f6e-94275d274ded"}
[debug] [2026-03-24T08:11:25.020Z] Checked if tokens are valid: true, expires at: 1774343130440
[debug] [2026-03-24T08:11:25.021Z] Checked if tokens are valid: true, expires at: 1774343130440
[debug] [2026-03-24T08:11:25.028Z] >>> [apiv2][query] GET https://firebasehosting.googleapis.com/v1beta1/projects/ai-expense-tracker-92b0c/sites pageToken=&pageSize=10
[debug] [2026-03-24T08:11:26.619Z] <<< [apiv2][status] GET https://firebasehosting.googleapis.com/v1beta1/projects/ai-expense-tracker-92b0c/sites 200
[debug] [2026-03-24T08:11:26.619Z] <<< [apiv2][body] GET https://firebasehosting.googleapis.com/v1beta1/projects/ai-expense-tracker-92b0c/sites {"sites":[{"name":"projects/ai-expense-tracker-92b0c/sites/ai-expense-tracker-92b0c","defaultUrl":"https://ai-expense-tracker-92b0c.web.app","appId":"1:759599233119:web:79b68ccc4d0288692603ea","type":"DEFAULT_SITE"}]}
[debug] [2026-03-24T08:11:26.620Z] Checked if tokens are valid: true, expires at: 1774343130440
[debug] [2026-03-24T08:11:26.621Z] Checked if tokens are valid: true, expires at: 1774343130440
[debug] [2026-03-24T08:11:26.621Z] >>> [apiv2][query] GET https://firebase.googleapis.com/v1beta1/projects/-/webApps/1:759599233119:web:79b68ccc4d0288692603ea/config [none]
[debug] [2026-03-24T08:11:29.061Z] <<< [apiv2][status] GET https://firebase.googleapis.com/v1beta1/projects/-/webApps/1:759599233119:web:79b68ccc4d0288692603ea/config 200
[debug] [2026-03-24T08:11:29.062Z] <<< [apiv2][body] GET https://firebase.googleapis.com/v1beta1/projects/-/webApps/1:759599233119:web:79b68ccc4d0288692603ea/config {"projectId":"ai-expense-tracker-92b0c","appId":"1:759599233119:web:79b68ccc4d0288692603ea","storageBucket":"ai-expense-tracker-92b0c.firebasestorage.app","apiKey":"AIzaSyDMS2243dpeErX2r5okMuWuXeSiuqtuAlE","authDomain":"ai-expense-tracker-92b0c.firebaseapp.com","messagingSenderId":"759599233119","measurementId":"G-BBZD31V4S9","projectNumber":"759599233119","version":"2"}
[info] 
   Thank you for trying our early preview of Next.js support on Firebase Hosting.
   During the preview, support is best-effort and breaking changes can be expected. Proceed with caution.
   The integration is known to work with Next.js version 12 - 15.0. You may encounter errors.

   Documentation: https://firebase.google.com/docs/hosting/frameworks/nextjs
   File a bug: https://github.com/firebase/firebase-tools/issues/new?template=bug_report.md
   Submit a feature request: https://github.com/firebase/firebase-tools/issues/new?template=feature_request.md

   We'd love to learn from you. Express your interest in helping us shape the future of Firebase Hosting: https://goo.gle/41enW5X

[debug] [2026-03-24T08:11:46.492Z] Checked if tokens are valid: true, expires at: 1774343130440
[debug] [2026-03-24T08:11:46.492Z] Checked if tokens are valid: true, expires at: 1774343130440
[debug] [2026-03-24T08:11:46.493Z] >>> [apiv2][query] GET https://firebasehosting.googleapis.com/v1beta1/projects/ai-expense-tracker-92b0c/sites/ai-expense-tracker-92b0c [none]
[debug] [2026-03-24T08:11:48.511Z] <<< [apiv2][status] GET https://firebasehosting.googleapis.com/v1beta1/projects/ai-expense-tracker-92b0c/sites/ai-expense-tracker-92b0c 200
[debug] [2026-03-24T08:11:48.512Z] <<< [apiv2][body] GET https://firebasehosting.googleapis.com/v1beta1/projects/ai-expense-tracker-92b0c/sites/ai-expense-tracker-92b0c {"name":"projects/ai-expense-tracker-92b0c/sites/ai-expense-tracker-92b0c","defaultUrl":"https://ai-expense-tracker-92b0c.web.app","appId":"1:759599233119:web:79b68ccc4d0288692603ea","type":"DEFAULT_SITE"}
[info] ▲ Next.js 16.1.6 (Turbopack)

[info] - Environments: .env.local, .env.production


[info]   Creating an optimized production build ...

[info] ✓ Compiled successfully in 29.8s

[info]   Running TypeScript ...

[info]   Collecting page data using 3 workers ...

[info]   Generating static pages using 3 workers (0/10) ...

[info]   Generating static pages using 3 workers (2/10) 

[info]   Generating static pages using 3 workers (4/10) 

[info]   Generating static pages using 3 workers (7/10) 

[info] ✓ Generating static pages using 3 workers (10/10) in 744.7ms

[info]   Finalizing page optimization ...

[info] 

[info] Route (app)
┌ ○ /
├ ○ /_not-found
├ ○ /add
├ ƒ /api/generate-insights
├ ƒ /api/parse-expense
├ ƒ /api/parse-receipt
├ ○ /profile
└ ○ /transactions


○  (Static)   prerendered as static content
ƒ  (Dynamic)  server-rendered on demand


[info] Building a Cloud Function to run this application. This is needed due to:
[info]  • non-static component /api/generate-insights/route
[info]  • non-static component /api/parse-expense/route
[info]  • non-static component /api/parse-receipt/route
[info] 
[debug] [2026-03-24T08:12:36.391Z] Checked if tokens are valid: true, expires at: 1774343130440
[debug] [2026-03-24T08:12:36.392Z] Checked if tokens are valid: true, expires at: 1774343130440
[debug] [2026-03-24T08:12:36.392Z] >>> [apiv2][query] GET https://firebasehosting.googleapis.com/v1beta1/projects/ai-expense-tracker-92b0c/sites/ai-expense-tracker-92b0c [none]
[debug] [2026-03-24T08:12:37.441Z] <<< [apiv2][status] GET https://firebasehosting.googleapis.com/v1beta1/projects/ai-expense-tracker-92b0c/sites/ai-expense-tracker-92b0c 200
[debug] [2026-03-24T08:12:37.441Z] <<< [apiv2][body] GET https://firebasehosting.googleapis.com/v1beta1/projects/ai-expense-tracker-92b0c/sites/ai-expense-tracker-92b0c {"name":"projects/ai-expense-tracker-92b0c/sites/ai-expense-tracker-92b0c","defaultUrl":"https://ai-expense-tracker-92b0c.web.app","appId":"1:759599233119:web:79b68ccc4d0288692603ea","type":"DEFAULT_SITE"}
[debug] [2026-03-24T08:12:39.400Z] Error: EPERM: operation not permitted, symlink 'D:\Experiments\expense-tracker\node_modules\firebase-admin' -> 'D:\Experiments\expense-tracker\.firebase\ai-expense-tracker-92b0c\functions\.next\dev\node_modules\firebase-admin-a14c8a5423a75469'
[debug] [2026-03-24T08:13:25.295Z] ----------------------------------------------------------------------
[debug] [2026-03-24T08:13:25.300Z] Command:       C:\Program Files\nodejs\node.exe C:\Users\sanja\AppData\Roaming\npm\node_modules\firebase-tools\lib\bin\firebase.js deploy
[debug] [2026-03-24T08:13:25.300Z] CLI Version:   14.8.0
[debug] [2026-03-24T08:13:25.301Z] Platform:      win32
[debug] [2026-03-24T08:13:25.301Z] Node Version:  v20.10.0
[debug] [2026-03-24T08:13:25.301Z] Time:          Tue Mar 24 2026 13:43:25 GMT+0530 (India Standard Time)
[debug] [2026-03-24T08:13:25.301Z] ----------------------------------------------------------------------
[debug] 
[debug] [2026-03-24T08:13:25.761Z] > command requires scopes: ["email","openid","https://www.googleapis.com/auth/cloudplatformprojects.readonly","https://www.googleapis.com/auth/firebase","https://www.googleapis.com/auth/cloud-platform"]
[debug] [2026-03-24T08:13:25.762Z] > authorizing via signed-in user (sanjaynalamasa07@gmail.com)
[debug] [2026-03-24T08:13:25.763Z] [iam] checking project ai-expense-tracker-92b0c for permissions ["firebase.projects.get","firebasehosting.sites.update"]
[debug] [2026-03-24T08:13:25.766Z] Checked if tokens are valid: true, expires at: 1774343130440
[debug] [2026-03-24T08:13:25.766Z] Checked if tokens are valid: true, expires at: 1774343130440
[debug] [2026-03-24T08:13:25.768Z] >>> [apiv2][query] POST https://cloudresourcemanager.googleapis.com/v1/projects/ai-expense-tracker-92b0c:testIamPermissions [none]
[debug] [2026-03-24T08:13:25.769Z] >>> [apiv2][(partial)header] POST https://cloudresourcemanager.googleapis.com/v1/projects/ai-expense-tracker-92b0c:testIamPermissions x-goog-quota-user=projects/ai-expense-tracker-92b0c
[debug] [2026-03-24T08:13:25.769Z] >>> [apiv2][body] POST https://cloudresourcemanager.googleapis.com/v1/projects/ai-expense-tracker-92b0c:testIamPermissions {"permissions":["firebase.projects.get","firebasehosting.sites.update"]}
[debug] [2026-03-24T08:13:27.442Z] <<< [apiv2][status] POST https://cloudresourcemanager.googleapis.com/v1/projects/ai-expense-tracker-92b0c:testIamPermissions 200
[debug] [2026-03-24T08:13:27.443Z] <<< [apiv2][body] POST https://cloudresourcemanager.googleapis.com/v1/projects/ai-expense-tracker-92b0c:testIamPermissions {"permissions":["firebase.projects.get","firebasehosting.sites.update"]}
[debug] [2026-03-24T08:13:27.444Z] Checked if tokens are valid: true, expires at: 1774343130440
[debug] [2026-03-24T08:13:27.444Z] Checked if tokens are valid: true, expires at: 1774343130440
[debug] [2026-03-24T08:13:27.444Z] >>> [apiv2][query] GET https://firebase.googleapis.com/v1beta1/projects/ai-expense-tracker-92b0c [none]
[debug] [2026-03-24T08:13:27.886Z] <<< [apiv2][status] GET https://firebase.googleapis.com/v1beta1/projects/ai-expense-tracker-92b0c 200
[debug] [2026-03-24T08:13:27.887Z] <<< [apiv2][body] GET https://firebase.googleapis.com/v1beta1/projects/ai-expense-tracker-92b0c {"projectId":"ai-expense-tracker-92b0c","projectNumber":"759599233119","displayName":"ai-expense-tracker","name":"projects/ai-expense-tracker-92b0c","resources":{"hostingSite":"ai-expense-tracker-92b0c"},"state":"ACTIVE","etag":"1_1fb697f9-8d20-4a79-9f6e-94275d274ded"}
[debug] [2026-03-24T08:13:34.779Z] Checked if tokens are valid: true, expires at: 1774343130440
[debug] [2026-03-24T08:13:34.780Z] Checked if tokens are valid: true, expires at: 1774343130440
[debug] [2026-03-24T08:13:34.781Z] >>> [apiv2][query] GET https://firebasehosting.googleapis.com/v1beta1/projects/ai-expense-tracker-92b0c/sites pageToken=&pageSize=10
[debug] [2026-03-24T08:13:35.866Z] <<< [apiv2][status] GET https://firebasehosting.googleapis.com/v1beta1/projects/ai-expense-tracker-92b0c/sites 200
[debug] [2026-03-24T08:13:35.866Z] <<< [apiv2][body] GET https://firebasehosting.googleapis.com/v1beta1/projects/ai-expense-tracker-92b0c/sites {"sites":[{"name":"projects/ai-expense-tracker-92b0c/sites/ai-expense-tracker-92b0c","defaultUrl":"https://ai-expense-tracker-92b0c.web.app","appId":"1:759599233119:web:79b68ccc4d0288692603ea","type":"DEFAULT_SITE"}]}
[debug] [2026-03-24T08:13:35.867Z] Checked if tokens are valid: true, expires at: 1774343130440
[debug] [2026-03-24T08:13:35.867Z] Checked if tokens are valid: true, expires at: 1774343130440
[debug] [2026-03-24T08:13:35.867Z] >>> [apiv2][query] GET https://firebase.googleapis.com/v1beta1/projects/-/webApps/1:759599233119:web:79b68ccc4d0288692603ea/config [none]
[debug] [2026-03-24T08:13:36.918Z] <<< [apiv2][status] GET https://firebase.googleapis.com/v1beta1/projects/-/webApps/1:759599233119:web:79b68ccc4d0288692603ea/config 200
[debug] [2026-03-24T08:13:36.918Z] <<< [apiv2][body] GET https://firebase.googleapis.com/v1beta1/projects/-/webApps/1:759599233119:web:79b68ccc4d0288692603ea/config {"projectId":"ai-expense-tracker-92b0c","appId":"1:759599233119:web:79b68ccc4d0288692603ea","storageBucket":"ai-expense-tracker-92b0c.firebasestorage.app","apiKey":"AIzaSyDMS2243dpeErX2r5okMuWuXeSiuqtuAlE","authDomain":"ai-expense-tracker-92b0c.firebaseapp.com","messagingSenderId":"759599233119","measurementId":"G-BBZD31V4S9","projectNumber":"759599233119","version":"2"}
[info] 
   Thank you for trying our early preview of Next.js support on Firebase Hosting.
   During the preview, support is best-effort and breaking changes can be expected. Proceed with caution.
   The integration is known to work with Next.js version 12 - 15.0. You may encounter errors.

   Documentation: https://firebase.google.com/docs/hosting/frameworks/nextjs
   File a bug: https://github.com/firebase/firebase-tools/issues/new?template=bug_report.md
   Submit a feature request: https://github.com/firebase/firebase-tools/issues/new?template=feature_request.md

   We'd love to learn from you. Express your interest in helping us shape the future of Firebase Hosting: https://goo.gle/41enW5X

[debug] [2026-03-24T08:13:52.391Z] Checked if tokens are valid: true, expires at: 1774343130440
[debug] [2026-03-24T08:13:52.391Z] Checked if tokens are valid: true, expires at: 1774343130440
[debug] [2026-03-24T08:13:52.392Z] >>> [apiv2][query] GET https://firebasehosting.googleapis.com/v1beta1/projects/ai-expense-tracker-92b0c/sites/ai-expense-tracker-92b0c [none]
[debug] [2026-03-24T08:13:53.474Z] <<< [apiv2][status] GET https://firebasehosting.googleapis.com/v1beta1/projects/ai-expense-tracker-92b0c/sites/ai-expense-tracker-92b0c 200
[debug] [2026-03-24T08:13:53.474Z] <<< [apiv2][body] GET https://firebasehosting.googleapis.com/v1beta1/projects/ai-expense-tracker-92b0c/sites/ai-expense-tracker-92b0c {"name":"projects/ai-expense-tracker-92b0c/sites/ai-expense-tracker-92b0c","defaultUrl":"https://ai-expense-tracker-92b0c.web.app","appId":"1:759599233119:web:79b68ccc4d0288692603ea","type":"DEFAULT_SITE"}
[info] ▲ Next.js 16.1.6 (Turbopack)

[info] - Environments: .env.local, .env.production


[info]   Creating an optimized production build ...

[info] ✓ Compiled successfully in 13.9s

[info]   Running TypeScript ...

[info]   Collecting page data using 3 workers ...

[info]   Generating static pages using 3 workers (0/10) ...

[info]   Generating static pages using 3 workers (2/10) 

[info]   Generating static pages using 3 workers (4/10) 

[info]   Generating static pages using 3 workers (7/10) 

[info] ✓ Generating static pages using 3 workers (10/10) in 949.1ms

[info]   Finalizing page optimization ...

[info] 

[info] Route (app)
┌ ○ /
├ ○ /_not-found
├ ○ /add
├ ƒ /api/generate-insights
├ ƒ /api/parse-expense
├ ƒ /api/parse-receipt
├ ○ /profile
└ ○ /transactions


○  (Static)   prerendered as static content
ƒ  (Dynamic)  server-rendered on demand


[info] Building a Cloud Function to run this application. This is needed due to:
[info]  • non-static component /api/generate-insights/route
[info]  • non-static component /api/parse-expense/route
[info]  • non-static component /api/parse-receipt/route
[info] 
[debug] [2026-03-24T08:14:23.315Z] Checked if tokens are valid: true, expires at: 1774343130440
[debug] [2026-03-24T08:14:23.315Z] Checked if tokens are valid: true, expires at: 1774343130440
[debug] [2026-03-24T08:14:23.315Z] >>> [apiv2][query] GET https://firebasehosting.googleapis.com/v1beta1/projects/ai-expense-tracker-92b0c/sites/ai-expense-tracker-92b0c [none]
[debug] [2026-03-24T08:14:24.294Z] <<< [apiv2][status] GET https://firebasehosting.googleapis.com/v1beta1/projects/ai-expense-tracker-92b0c/sites/ai-expense-tracker-92b0c 200
[debug] [2026-03-24T08:14:24.295Z] <<< [apiv2][body] GET https://firebasehosting.googleapis.com/v1beta1/projects/ai-expense-tracker-92b0c/sites/ai-expense-tracker-92b0c {"name":"projects/ai-expense-tracker-92b0c/sites/ai-expense-tracker-92b0c","defaultUrl":"https://ai-expense-tracker-92b0c.web.app","appId":"1:759599233119:web:79b68ccc4d0288692603ea","type":"DEFAULT_SITE"}
[debug] [2026-03-24T08:14:25.345Z] Error: EPERM: operation not permitted, symlink 'D:\Experiments\expense-tracker\node_modules\firebase-admin' -> 'D:\Experiments\expense-tracker\.firebase\ai-expense-tracker-92b0c\functions\.next\dev\node_modules\firebase-admin-a14c8a5423a75469'
[debug] [2026-03-24T08:15:03.258Z] ----------------------------------------------------------------------
[debug] [2026-03-24T08:15:03.263Z] Command:       C:\Program Files\nodejs\node.exe C:\Users\sanja\AppData\Roaming\npm\node_modules\firebase-tools\lib\bin\firebase.js deploy
[debug] [2026-03-24T08:15:03.263Z] CLI Version:   14.8.0
[debug] [2026-03-24T08:15:03.263Z] Platform:      win32
[debug] [2026-03-24T08:15:03.264Z] Node Version:  v20.10.0
[debug] [2026-03-24T08:15:03.264Z] Time:          Tue Mar 24 2026 13:45:03 GMT+0530 (India Standard Time)
[debug] [2026-03-24T08:15:03.264Z] ----------------------------------------------------------------------
[debug] 
[debug] [2026-03-24T08:15:03.727Z] > command requires scopes: ["email","openid","https://www.googleapis.com/auth/cloudplatformprojects.readonly","https://www.googleapis.com/auth/firebase","https://www.googleapis.com/auth/cloud-platform"]
[debug] [2026-03-24T08:15:03.728Z] > authorizing via signed-in user (sanjaynalamasa07@gmail.com)
[debug] [2026-03-24T08:15:03.728Z] [iam] checking project ai-expense-tracker-92b0c for permissions ["firebase.projects.get","firebasehosting.sites.update"]
[debug] [2026-03-24T08:15:03.731Z] Checked if tokens are valid: true, expires at: 1774343130440
[debug] [2026-03-24T08:15:03.731Z] Checked if tokens are valid: true, expires at: 1774343130440
[debug] [2026-03-24T08:15:03.733Z] >>> [apiv2][query] POST https://cloudresourcemanager.googleapis.com/v1/projects/ai-expense-tracker-92b0c:testIamPermissions [none]
[debug] [2026-03-24T08:15:03.733Z] >>> [apiv2][(partial)header] POST https://cloudresourcemanager.googleapis.com/v1/projects/ai-expense-tracker-92b0c:testIamPermissions x-goog-quota-user=projects/ai-expense-tracker-92b0c
[debug] [2026-03-24T08:15:03.733Z] >>> [apiv2][body] POST https://cloudresourcemanager.googleapis.com/v1/projects/ai-expense-tracker-92b0c:testIamPermissions {"permissions":["firebase.projects.get","firebasehosting.sites.update"]}
[debug] [2026-03-24T08:15:05.141Z] <<< [apiv2][status] POST https://cloudresourcemanager.googleapis.com/v1/projects/ai-expense-tracker-92b0c:testIamPermissions 200
[debug] [2026-03-24T08:15:05.142Z] <<< [apiv2][body] POST https://cloudresourcemanager.googleapis.com/v1/projects/ai-expense-tracker-92b0c:testIamPermissions {"permissions":["firebase.projects.get","firebasehosting.sites.update"]}
[debug] [2026-03-24T08:15:05.143Z] Checked if tokens are valid: true, expires at: 1774343130440
[debug] [2026-03-24T08:15:05.143Z] Checked if tokens are valid: true, expires at: 1774343130440
[debug] [2026-03-24T08:15:05.144Z] >>> [apiv2][query] GET https://firebase.googleapis.com/v1beta1/projects/ai-expense-tracker-92b0c [none]
[debug] [2026-03-24T08:15:05.842Z] <<< [apiv2][status] GET https://firebase.googleapis.com/v1beta1/projects/ai-expense-tracker-92b0c 200
[debug] [2026-03-24T08:15:05.843Z] <<< [apiv2][body] GET https://firebase.googleapis.com/v1beta1/projects/ai-expense-tracker-92b0c {"projectId":"ai-expense-tracker-92b0c","projectNumber":"759599233119","displayName":"ai-expense-tracker","name":"projects/ai-expense-tracker-92b0c","resources":{"hostingSite":"ai-expense-tracker-92b0c"},"state":"ACTIVE","etag":"1_1fb697f9-8d20-4a79-9f6e-94275d274ded"}
[debug] [2026-03-24T08:15:11.527Z] Checked if tokens are valid: true, expires at: 1774343130440
[debug] [2026-03-24T08:15:11.527Z] Checked if tokens are valid: true, expires at: 1774343130440
[debug] [2026-03-24T08:15:11.529Z] >>> [apiv2][query] GET https://firebasehosting.googleapis.com/v1beta1/projects/ai-expense-tracker-92b0c/sites pageToken=&pageSize=10
[debug] [2026-03-24T08:15:12.632Z] <<< [apiv2][status] GET https://firebasehosting.googleapis.com/v1beta1/projects/ai-expense-tracker-92b0c/sites 200
[debug] [2026-03-24T08:15:12.632Z] <<< [apiv2][body] GET https://firebasehosting.googleapis.com/v1beta1/projects/ai-expense-tracker-92b0c/sites {"sites":[{"name":"projects/ai-expense-tracker-92b0c/sites/ai-expense-tracker-92b0c","defaultUrl":"https://ai-expense-tracker-92b0c.web.app","appId":"1:759599233119:web:79b68ccc4d0288692603ea","type":"DEFAULT_SITE"}]}
[debug] [2026-03-24T08:15:12.632Z] Checked if tokens are valid: true, expires at: 1774343130440
[debug] [2026-03-24T08:15:12.632Z] Checked if tokens are valid: true, expires at: 1774343130440
[debug] [2026-03-24T08:15:12.633Z] >>> [apiv2][query] GET https://firebase.googleapis.com/v1beta1/projects/-/webApps/1:759599233119:web:79b68ccc4d0288692603ea/config [none]
[debug] [2026-03-24T08:15:13.808Z] <<< [apiv2][status] GET https://firebase.googleapis.com/v1beta1/projects/-/webApps/1:759599233119:web:79b68ccc4d0288692603ea/config 200
[debug] [2026-03-24T08:15:13.808Z] <<< [apiv2][body] GET https://firebase.googleapis.com/v1beta1/projects/-/webApps/1:759599233119:web:79b68ccc4d0288692603ea/config {"projectId":"ai-expense-tracker-92b0c","appId":"1:759599233119:web:79b68ccc4d0288692603ea","storageBucket":"ai-expense-tracker-92b0c.firebasestorage.app","apiKey":"AIzaSyDMS2243dpeErX2r5okMuWuXeSiuqtuAlE","authDomain":"ai-expense-tracker-92b0c.firebaseapp.com","messagingSenderId":"759599233119","measurementId":"G-BBZD31V4S9","projectNumber":"759599233119","version":"2"}
[info] 
   Thank you for trying our early preview of Next.js support on Firebase Hosting.
   During the preview, support is best-effort and breaking changes can be expected. Proceed with caution.
   The integration is known to work with Next.js version 12 - 15.0. You may encounter errors.

   Documentation: https://firebase.google.com/docs/hosting/frameworks/nextjs
   File a bug: https://github.com/firebase/firebase-tools/issues/new?template=bug_report.md
   Submit a feature request: https://github.com/firebase/firebase-tools/issues/new?template=feature_request.md

   We'd love to learn from you. Express your interest in helping us shape the future of Firebase Hosting: https://goo.gle/41enW5X

[debug] [2026-03-24T08:15:25.356Z] Checked if tokens are valid: true, expires at: 1774343130440
[debug] [2026-03-24T08:15:25.357Z] Checked if tokens are valid: true, expires at: 1774343130440
[debug] [2026-03-24T08:15:25.357Z] >>> [apiv2][query] GET https://firebasehosting.googleapis.com/v1beta1/projects/ai-expense-tracker-92b0c/sites/ai-expense-tracker-92b0c [none]
[debug] [2026-03-24T08:15:26.387Z] <<< [apiv2][status] GET https://firebasehosting.googleapis.com/v1beta1/projects/ai-expense-tracker-92b0c/sites/ai-expense-tracker-92b0c 200
[debug] [2026-03-24T08:15:26.387Z] <<< [apiv2][body] GET https://firebasehosting.googleapis.com/v1beta1/projects/ai-expense-tracker-92b0c/sites/ai-expense-tracker-92b0c {"name":"projects/ai-expense-tracker-92b0c/sites/ai-expense-tracker-92b0c","defaultUrl":"https://ai-expense-tracker-92b0c.web.app","appId":"1:759599233119:web:79b68ccc4d0288692603ea","type":"DEFAULT_SITE"}
[info] ▲ Next.js 16.1.6 (Turbopack)

[info] - Environments: .env.local, .env.production


[info]   Creating an optimized production build ...

[info] ✓ Compiled successfully in 16.7s

[info]   Running TypeScript ...

[info]   Collecting page data using 3 workers ...

[info]   Generating static pages using 3 workers (0/7) ...

[info]   Generating static pages using 3 workers (1/7) 

[info]   Generating static pages using 3 workers (3/7) 
  Generating static pages using 3 workers (5/7) 
✓ Generating static pages using 3 workers (7/7) in 710.7ms

[info]   Finalizing page optimization ...

[info] 
Route (app)
┌ ○ /
├ ○ /_not-found
├ ○ /add
├ ƒ /api/generate-insights
├ ƒ /api/parse-expense
├ ƒ /api/parse-receipt
├ ○ /profile
└ ○ /transactions


○  (Static)   prerendered as static content
ƒ  (Dynamic)  server-rendered on demand


[info] Building a Cloud Function to run this application. This is needed due to:
[info]  • non-static component /api/generate-insights/route
[info]  • non-static component /api/parse-expense/route
[info]  • non-static component /api/parse-receipt/route
[info] 
[debug] [2026-03-24T08:15:59.282Z] Checked if tokens are valid: true, expires at: 1774343130440
[debug] [2026-03-24T08:15:59.282Z] Checked if tokens are valid: true, expires at: 1774343130440
[debug] [2026-03-24T08:15:59.283Z] >>> [apiv2][query] GET https://firebasehosting.googleapis.com/v1beta1/projects/ai-expense-tracker-92b0c/sites/ai-expense-tracker-92b0c [none]
[debug] [2026-03-24T08:16:00.303Z] <<< [apiv2][status] GET https://firebasehosting.googleapis.com/v1beta1/projects/ai-expense-tracker-92b0c/sites/ai-expense-tracker-92b0c 200
[debug] [2026-03-24T08:16:00.304Z] <<< [apiv2][body] GET https://firebasehosting.googleapis.com/v1beta1/projects/ai-expense-tracker-92b0c/sites/ai-expense-tracker-92b0c {"name":"projects/ai-expense-tracker-92b0c/sites/ai-expense-tracker-92b0c","defaultUrl":"https://ai-expense-tracker-92b0c.web.app","appId":"1:759599233119:web:79b68ccc4d0288692603ea","type":"DEFAULT_SITE"}
[debug] [2026-03-24T08:16:01.572Z] Error: EPERM: operation not permitted, symlink 'D:\Experiments\expense-tracker\node_modules\firebase-admin' -> 'D:\Experiments\expense-tracker\.firebase\ai-expense-tracker-92b0c\functions\.next\dev\node_modules\firebase-admin-a14c8a5423a75469'
[debug] [2026-03-24T08:17:44.162Z] ----------------------------------------------------------------------
[debug] [2026-03-24T08:17:44.166Z] Command:       C:\Program Files\nodejs\node.exe C:\Users\sanja\AppData\Roaming\npm\node_modules\firebase-tools\lib\bin\firebase.js deploy
[debug] [2026-03-24T08:17:44.166Z] CLI Version:   14.8.0
[debug] [2026-03-24T08:17:44.167Z] Platform:      win32
[debug] [2026-03-24T08:17:44.167Z] Node Version:  v20.10.0
[debug] [2026-03-24T08:17:44.167Z] Time:          Tue Mar 24 2026 13:47:44 GMT+0530 (India Standard Time)
[debug] [2026-03-24T08:17:44.167Z] ----------------------------------------------------------------------
[debug] 
[debug] [2026-03-24T08:17:44.547Z] > command requires scopes: ["email","openid","https://www.googleapis.com/auth/cloudplatformprojects.readonly","https://www.googleapis.com/auth/firebase","https://www.googleapis.com/auth/cloud-platform"]
[debug] [2026-03-24T08:17:44.548Z] > authorizing via signed-in user (sanjaynalamasa07@gmail.com)
[debug] [2026-03-24T08:17:44.548Z] [iam] checking project ai-expense-tracker-92b0c for permissions ["firebase.projects.get","firebasehosting.sites.update"]
[debug] [2026-03-24T08:17:44.550Z] Checked if tokens are valid: true, expires at: 1774343130440
[debug] [2026-03-24T08:17:44.551Z] Checked if tokens are valid: true, expires at: 1774343130440
[debug] [2026-03-24T08:17:44.552Z] >>> [apiv2][query] POST https://cloudresourcemanager.googleapis.com/v1/projects/ai-expense-tracker-92b0c:testIamPermissions [none]
[debug] [2026-03-24T08:17:44.552Z] >>> [apiv2][(partial)header] POST https://cloudresourcemanager.googleapis.com/v1/projects/ai-expense-tracker-92b0c:testIamPermissions x-goog-quota-user=projects/ai-expense-tracker-92b0c
[debug] [2026-03-24T08:17:44.553Z] >>> [apiv2][body] POST https://cloudresourcemanager.googleapis.com/v1/projects/ai-expense-tracker-92b0c:testIamPermissions {"permissions":["firebase.projects.get","firebasehosting.sites.update"]}
[debug] [2026-03-24T08:17:46.223Z] <<< [apiv2][status] POST https://cloudresourcemanager.googleapis.com/v1/projects/ai-expense-tracker-92b0c:testIamPermissions 200
[debug] [2026-03-24T08:17:46.224Z] <<< [apiv2][body] POST https://cloudresourcemanager.googleapis.com/v1/projects/ai-expense-tracker-92b0c:testIamPermissions {"permissions":["firebase.projects.get","firebasehosting.sites.update"]}
[debug] [2026-03-24T08:17:46.224Z] Checked if tokens are valid: true, expires at: 1774343130440
[debug] [2026-03-24T08:17:46.224Z] Checked if tokens are valid: true, expires at: 1774343130440
[debug] [2026-03-24T08:17:46.225Z] >>> [apiv2][query] GET https://firebase.googleapis.com/v1beta1/projects/ai-expense-tracker-92b0c [none]
[debug] [2026-03-24T08:17:47.527Z] <<< [apiv2][status] GET https://firebase.googleapis.com/v1beta1/projects/ai-expense-tracker-92b0c 200
[debug] [2026-03-24T08:17:47.527Z] <<< [apiv2][body] GET https://firebase.googleapis.com/v1beta1/projects/ai-expense-tracker-92b0c {"projectId":"ai-expense-tracker-92b0c","projectNumber":"759599233119","displayName":"ai-expense-tracker","name":"projects/ai-expense-tracker-92b0c","resources":{"hostingSite":"ai-expense-tracker-92b0c"},"state":"ACTIVE","etag":"1_1fb697f9-8d20-4a79-9f6e-94275d274ded"}
[debug] [2026-03-24T08:17:52.471Z] Checked if tokens are valid: true, expires at: 1774343130440
[debug] [2026-03-24T08:17:52.471Z] Checked if tokens are valid: true, expires at: 1774343130440
[debug] [2026-03-24T08:17:52.472Z] >>> [apiv2][query] GET https://firebasehosting.googleapis.com/v1beta1/projects/ai-expense-tracker-92b0c/sites pageToken=&pageSize=10
[debug] [2026-03-24T08:17:53.533Z] <<< [apiv2][status] GET https://firebasehosting.googleapis.com/v1beta1/projects/ai-expense-tracker-92b0c/sites 200
[debug] [2026-03-24T08:17:53.533Z] <<< [apiv2][body] GET https://firebasehosting.googleapis.com/v1beta1/projects/ai-expense-tracker-92b0c/sites {"sites":[{"name":"projects/ai-expense-tracker-92b0c/sites/ai-expense-tracker-92b0c","defaultUrl":"https://ai-expense-tracker-92b0c.web.app","appId":"1:759599233119:web:79b68ccc4d0288692603ea","type":"DEFAULT_SITE"}]}
[debug] [2026-03-24T08:17:53.534Z] Checked if tokens are valid: true, expires at: 1774343130440
[debug] [2026-03-24T08:17:53.534Z] Checked if tokens are valid: true, expires at: 1774343130440
[debug] [2026-03-24T08:17:53.534Z] >>> [apiv2][query] GET https://firebase.googleapis.com/v1beta1/projects/-/webApps/1:759599233119:web:79b68ccc4d0288692603ea/config [none]
[debug] [2026-03-24T08:17:54.362Z] <<< [apiv2][status] GET https://firebase.googleapis.com/v1beta1/projects/-/webApps/1:759599233119:web:79b68ccc4d0288692603ea/config 200
[debug] [2026-03-24T08:17:54.362Z] <<< [apiv2][body] GET https://firebase.googleapis.com/v1beta1/projects/-/webApps/1:759599233119:web:79b68ccc4d0288692603ea/config {"projectId":"ai-expense-tracker-92b0c","appId":"1:759599233119:web:79b68ccc4d0288692603ea","storageBucket":"ai-expense-tracker-92b0c.firebasestorage.app","apiKey":"AIzaSyDMS2243dpeErX2r5okMuWuXeSiuqtuAlE","authDomain":"ai-expense-tracker-92b0c.firebaseapp.com","messagingSenderId":"759599233119","measurementId":"G-BBZD31V4S9","projectNumber":"759599233119","version":"2"}
[info] 
   Thank you for trying our early preview of Next.js support on Firebase Hosting.
   During the preview, support is best-effort and breaking changes can be expected. Proceed with caution.
   The integration is known to work with Next.js version 12 - 15.0. You may encounter errors.

   Documentation: https://firebase.google.com/docs/hosting/frameworks/nextjs
   File a bug: https://github.com/firebase/firebase-tools/issues/new?template=bug_report.md
   Submit a feature request: https://github.com/firebase/firebase-tools/issues/new?template=feature_request.md

   We'd love to learn from you. Express your interest in helping us shape the future of Firebase Hosting: https://goo.gle/41enW5X

[debug] [2026-03-24T08:18:07.030Z] Checked if tokens are valid: true, expires at: 1774343130440
[debug] [2026-03-24T08:18:07.031Z] Checked if tokens are valid: true, expires at: 1774343130440
[debug] [2026-03-24T08:18:07.031Z] >>> [apiv2][query] GET https://firebasehosting.googleapis.com/v1beta1/projects/ai-expense-tracker-92b0c/sites/ai-expense-tracker-92b0c [none]
[debug] [2026-03-24T08:18:08.093Z] <<< [apiv2][status] GET https://firebasehosting.googleapis.com/v1beta1/projects/ai-expense-tracker-92b0c/sites/ai-expense-tracker-92b0c 200
[debug] [2026-03-24T08:18:08.093Z] <<< [apiv2][body] GET https://firebasehosting.googleapis.com/v1beta1/projects/ai-expense-tracker-92b0c/sites/ai-expense-tracker-92b0c {"name":"projects/ai-expense-tracker-92b0c/sites/ai-expense-tracker-92b0c","defaultUrl":"https://ai-expense-tracker-92b0c.web.app","appId":"1:759599233119:web:79b68ccc4d0288692603ea","type":"DEFAULT_SITE"}
[info] ▲ Next.js 16.1.6 (Turbopack)

[info] - Environments: .env.local, .env.production


[info]   Creating an optimized production build ...

[info] ✓ Compiled successfully in 15.6s

[info]   Running TypeScript ...

[info]   Collecting page data using 3 workers ...

[info]   Generating static pages using 3 workers (0/7) ...

[info]   Generating static pages using 3 workers (1/7) 

[info]   Generating static pages using 3 workers (3/7) 

[info]   Generating static pages using 3 workers (5/7) 

[info] ✓ Generating static pages using 3 workers (7/7) in 692.7ms

[info]   Finalizing page optimization ...

[info] 

[info] Route (app)
┌ ○ /
├ ○ /_not-found
├ ○ /add
├ ƒ /api/generate-insights
├ ƒ /api/parse-expense
├ ƒ /api/parse-receipt
├ ○ /profile
└ ○ /transactions


○  (Static)   prerendered as static content
ƒ  (Dynamic)  server-rendered on demand


[info] Building a Cloud Function to run this application. This is needed due to:
[info]  • non-static component /api/generate-insights/route
[info]  • non-static component /api/parse-expense/route
[info]  • non-static component /api/parse-receipt/route
[info] 
[debug] [2026-03-24T08:18:40.668Z] Checked if tokens are valid: true, expires at: 1774343130440
[debug] [2026-03-24T08:18:40.668Z] Checked if tokens are valid: true, expires at: 1774343130440
[debug] [2026-03-24T08:18:40.669Z] >>> [apiv2][query] GET https://firebasehosting.googleapis.com/v1beta1/projects/ai-expense-tracker-92b0c/sites/ai-expense-tracker-92b0c [none]
[debug] [2026-03-24T08:18:41.704Z] <<< [apiv2][status] GET https://firebasehosting.googleapis.com/v1beta1/projects/ai-expense-tracker-92b0c/sites/ai-expense-tracker-92b0c 200
[debug] [2026-03-24T08:18:41.704Z] <<< [apiv2][body] GET https://firebasehosting.googleapis.com/v1beta1/projects/ai-expense-tracker-92b0c/sites/ai-expense-tracker-92b0c {"name":"projects/ai-expense-tracker-92b0c/sites/ai-expense-tracker-92b0c","defaultUrl":"https://ai-expense-tracker-92b0c.web.app","appId":"1:759599233119:web:79b68ccc4d0288692603ea","type":"DEFAULT_SITE"}
[debug] [2026-03-24T08:18:43.052Z] Error: EPERM: operation not permitted, symlink 'D:\Experiments\expense-tracker\node_modules\firebase-admin' -> 'D:\Experiments\expense-tracker\.firebase\ai-expense-tracker-92b0c\functions\.next\dev\node_modules\firebase-admin-a14c8a5423a75469'
